# 可以看到请求过来了。
2022/01/19 15:03:55 [debug] 46632#46632: *20 accept: 10.157.89.215:40240 fd:3
2022/01/19 15:03:55 [debug] 46632#46632: malloc: 0000000001BD4F20:64
2022/01/19 15:03:55 [debug] 46632#46632: malloc: 0000000001BFBC10:16
2022/01/19 15:03:55 [debug] 46632#46632: malloc: 0000000001C0AE30:24
2022/01/19 15:03:55 [debug] 46632#46632: malloc: 0000000001BFA720:16
2022/01/19 15:03:55 [debug] 46632#46632: *20 event timer add: 3: 60000:10094575278
2022/01/19 15:03:55 [debug] 46632#46632: *20 reusable connection: 1
2022/01/19 15:03:55 [debug] 46632#46632: *20 epoll add event: fd:3 op:1 ev:80002001
2022/01/19 15:03:55 [debug] 46632#46632: *20 http wait request handler
2022/01/19 15:03:55 [debug] 46632#46632: *20 malloc: 0000000001BAF200:80
2022/01/19 15:03:55 [debug] 46632#46632: *20 malloc: 0000000001BFA580:16
2022/01/19 15:03:55 [debug] 46632#46632: *20 malloc: 0000000001C86610:1024
2022/01/19 15:03:55 [debug] 46632#46632: *20 malloc: 0000000001BAE800:16
2022/01/19 15:03:55 [debug] 46632#46632: *20 recv: eof:0, avail:-1
2022/01/19 15:03:55 [debug] 46632#46632: *20 recv: fd:3 91 of 1024
2022/01/19 15:03:55 [debug] 46632#46632: *20 reusable connection: 0
2022/01/19 15:03:55 [debug] 46632#46632: *20 malloc: 0000000001B39230:48
2022/01/19 15:03:55 [debug] 46632#46632: *20 malloc: 0000000001C26990:1544
2022/01/19 15:03:55 [debug] 46632#46632: *20 malloc: 0000000001B9F340:16
2022/01/19 15:03:55 [debug] 46632#46632: *20 malloc: 0000000001C84C10:960
2022/01/19 15:03:55 [debug] 46632#46632: *20 malloc: 0000000001BB0FA0:16
2022/01/19 15:03:55 [debug] 46632#46632: *20 malloc: 0000000001CD9AD0:192
2022/01/19 15:03:55 [debug] 46632#46632: *20 malloc: 0000000001BAFC20:16
2022/01/19 15:03:55 [debug] 46632#46632: *20 malloc: 0000000001C61CB0:680
2022/01/19 15:03:55 [debug] 46632#46632: *20 malloc: 0000000001BAF720:16
2022/01/19 15:03:55 [debug] 46632#46632: *20 malloc: 0000000001B390E0:272
2022/01/19 15:03:55 [debug] 46632#46632: *20 malloc: 0000000001B9A380:16
# 开始处理请求行
2022/01/19 15:03:55 [debug] 46632#46632: *20 http process request line
2022/01/19 15:03:55 [debug] 46632#46632: *20 http request line: "GET / HTTP/1.1"
2022/01/19 15:03:55 [debug] 46632#46632: *20 http uri: "/"
2022/01/19 15:03:55 [debug] 46632#46632: *20 http args: ""
2022/01/19 15:03:55 [debug] 46632#46632: *20 http exten: ""
2022/01/19 15:03:55 [debug] 46632#46632: *20 malloc: 0000000001B5AB30:960
2022/01/19 15:03:55 [debug] 46632#46632: *20 malloc: 0000000001B4AAF0:16
2022/01/19 15:03:55 [debug] 46632#46632: *20 http process request header line
2022/01/19 15:03:55 [debug] 46632#46632: *20 malloc: 0000000001BCE0E0:10
2022/01/19 15:03:55 [debug] 46632#46632: *20 malloc: 0000000001B91880:16
2022/01/19 15:03:55 [debug] 46632#46632: *20 http header: "User-Agent: curl/7.29.0"
2022/01/19 15:03:55 [debug] 46632#46632: *20 malloc: 0000000001B56AC0:4
2022/01/19 15:03:55 [debug] 46632#46632: *20 malloc: 0000000001B2F3F0:16
2022/01/19 15:03:55 [debug] 46632#46632: *20 http header: "Host: n-ssl2.linuxpanda.tech:8012"
2022/01/19 15:03:55 [debug] 46632#46632: *20 malloc: 0000000001B5E6D0:6
2022/01/19 15:03:55 [debug] 46632#46632: *20 malloc: 0000000001BB3620:16
2022/01/19 15:03:55 [debug] 46632#46632: *20 http header: "Accept: */*"
2022/01/19 15:03:55 [debug] 46632#46632: *20 http header done
2022/01/19 15:03:55 [debug] 46632#46632: *20 event timer del: 3: 10094575278
# http的阶段开始
2022/01/19 15:03:55 [debug] 46632#46632: *20 generic phase: 0
2022/01/19 15:03:55 [debug] 46632#46632: *20 rewrite phase: 1
2022/01/19 15:03:55 [debug] 46632#46632: *20 rewrite phase: 2
# 选择location 看到使用了/
2022/01/19 15:03:55 [debug] 46632#46632: *20 test location: "/"
2022/01/19 15:03:55 [debug] 46632#46632: *20 using configuration "/"
2022/01/19 15:03:55 [debug] 46632#46632: *20 http cl:-1 max:1048576
2022/01/19 15:03:55 [debug] 46632#46632: *20 rewrite phase: 4
2022/01/19 15:03:55 [debug] 46632#46632: *20 rewrite phase: 5
2022/01/19 15:03:55 [debug] 46632#46632: *20 post rewrite phase: 6
2022/01/19 15:03:55 [debug] 46632#46632: *20 generic phase: 7
2022/01/19 15:03:55 [debug] 46632#46632: *20 generic phase: 8
2022/01/19 15:03:55 [debug] 46632#46632: *20 generic phase: 9
2022/01/19 15:03:55 [debug] 46632#46632: *20 generic phase: 10
2022/01/19 15:03:55 [debug] 46632#46632: *20 access phase: 11
2022/01/19 15:03:55 [debug] 46632#46632: *20 access phase: 12
2022/01/19 15:03:55 [debug] 46632#46632: *20 access phase: 13
2022/01/19 15:03:55 [debug] 46632#46632: *20 post access phase: 14
2022/01/19 15:03:55 [debug] 46632#46632: *20 generic phase: 15
2022/01/19 15:03:55 [debug] 46632#46632: *20 generic phase: 16
2022/01/19 15:03:55 [debug] 46632#46632: *20 malloc: 0000000001C82730:1184
2022/01/19 15:03:55 [debug] 46632#46632: *20 malloc: 0000000001BB4070:16
2022/01/19 15:03:55 [debug] 46632#46632: *20 malloc: 0000000001C7F370:176
2022/01/19 15:03:55 [debug] 46632#46632: *20 malloc: 0000000001C04B80:16
2022/01/19 15:03:55 [debug] 46632#46632: *20 malloc: 0000000001B950C0:304
2022/01/19 15:03:55 [debug] 46632#46632: *20 malloc: 0000000001BEE440:16
2022/01/19 15:03:55 [debug] 46632#46632: *20 malloc: 0000000001B29140:72
2022/01/19 15:03:55 [debug] 46632#46632: *20 malloc: 0000000001C04A80:16
2022/01/19 15:03:55 [debug] 46632#46632: *20 http init upstream, client timer: 0
2022/01/19 15:03:55 [debug] 46632#46632: *20 epoll add event: fd:3 op:3 ev:80002005
2022/01/19 15:03:55 [debug] 46632#46632: *20 malloc: 0000000001B72E80:80
2022/01/19 15:03:55 [debug] 46632#46632: *20 malloc: 0000000001B8C0D0:16
2022/01/19 15:03:55 [debug] 46632#46632: *20 malloc: 0000000001BFA660:105
2022/01/19 15:03:55 [debug] 46632#46632: *20 malloc: 0000000001C05F60:16
2022/01/19 15:03:55 [debug] 46632#46632: *20 malloc: 0000000001C04880:16
2022/01/19 15:03:55 [debug] 46632#46632: *20 malloc: 0000000001C04980:16
2022/01/19 15:03:55 [debug] 46632#46632: *20 http script copy: "Host"
2022/01/19 15:03:55 [debug] 46632#46632: *20 http script var: "n-ssl2.linuxpanda.tech"
2022/01/19 15:03:55 [debug] 46632#46632: *20 http script copy: "Connection"
2022/01/19 15:03:55 [debug] 46632#46632: *20 http script copy: "close"
2022/01/19 15:03:55 [debug] 46632#46632: *20 http script copy: ""
2022/01/19 15:03:55 [debug] 46632#46632: *20 http script copy: ""
2022/01/19 15:03:55 [debug] 46632#46632: *20 http proxy header: "User-Agent: curl/7.29.0"
2022/01/19 15:03:55 [debug] 46632#46632: *20 http proxy header: "Accept: */*"
2022/01/19 15:03:55 [debug] 46632#46632: *20 http proxy header:
# 可以看到发送给上游的请求详细信息。
"GET / HTTP/1.0
Host: n-ssl2.linuxpanda.tech
Connection: close
User-Agent: curl/7.29.0
Accept: */*

"
2022/01/19 15:03:55 [debug] 46632#46632: *20 malloc: 0000000001C02E10:48
2022/01/19 15:03:55 [debug] 46632#46632: *20 malloc: 0000000001C047A0:16
2022/01/19 15:03:55 [debug] 46632#46632: *20 malloc: 0000000001C7AB30:72
2022/01/19 15:03:55 [debug] 46632#46632: *20 malloc: 0000000001C07050:16
2022/01/19 15:03:55 [debug] 46632#46632: *20 malloc: 0000000001BB9E40:24
2022/01/19 15:03:55 [debug] 46632#46632: *20 malloc: 0000000001B8BE70:16
2022/01/19 15:03:55 [debug] 46632#46632: *20 http cleanup add: 0000000001BB9E40
2022/01/19 15:03:55 [debug] 46632#46632: *20 malloc: 0000000001BE9BA0:40
2022/01/19 15:03:55 [debug] 46632#46632: *20 malloc: 0000000001B620F0:16
2022/01/19 15:03:55 [debug] 46632#46632: *20 get rr peer, try: 1
2022/01/19 15:03:55 [debug] 46632#46632: *20 stream socket 5
2022/01/19 15:03:55 [debug] 46632#46632: *20 epoll add connection: fd:5 ev:80002005
2022/01/19 15:03:55 [debug] 46632#46632: *20 connect to 127.0.0.1:8011, fd:5 #21
2022/01/19 15:03:55 [debug] 46632#46632: *20 http upstream connect: -2
2022/01/19 15:03:55 [debug] 46632#46632: *20 malloc: 0000000001C03270:48
2022/01/19 15:03:55 [debug] 46632#46632: *20 event timer add: 5: 60000:10094575278
2022/01/19 15:03:55 [debug] 46632#46632: *20 http finalize request: -4, "/?" a:1, c:2
2022/01/19 15:03:55 [debug] 46632#46632: *20 http request count:2 blk:0
2022/01/19 15:03:55 [debug] 46632#46632: *20 http run request: "/?"
2022/01/19 15:03:55 [debug] 46632#46632: *20 http upstream check client, write event:1, "/"
2022/01/19 15:03:55 [debug] 46632#46632: *20 http upstream request: "/?"
2022/01/19 15:03:55 [debug] 46632#46632: *20 http upstream send request handler
2022/01/19 15:03:55 [debug] 46632#46632: *20 malloc: 0000000001BFEA40:96
2022/01/19 15:03:55 [debug] 46632#46632: *20 malloc: 0000000001BB0EF0:16
2022/01/19 15:03:55 [debug] 46632#46632: *20 set session: 0000000000000000
2022/01/19 15:03:55 [debug] 46632#46632: *20 tcp_nodelay

# ssl
2022/01/19 15:03:55 [debug] 46632#46632: *20 SSL_do_handshake: -1
2022/01/19 15:03:55 [debug] 46632#46632: *20 SSL_get_error: 2
2022/01/19 15:03:55 [debug] 46632#46632: *20 SSL handshake handler: 0
2022/01/19 15:03:55 [debug] 46632#46632: *20 verify:1, error:0, depth:1, subject:"/C=cn/ST=henan/L=zhengzhou/O=linuxpanda/OU=opt/CN=n-ca.linuxpanda.tech", issuer:"/C=cn/ST=henan/L=zhengzhou/O=linuxpanda/OU=opt/CN=n-ca.linuxpanda.tech"
2022/01/19 15:03:55 [debug] 46632#46632: *20 verify:1, error:0, depth:0, subject:"/C=cn/ST=henan/O=linuxpanda/OU=opt/CN=n-ssl1.linuxpanda.tech", issuer:"/C=cn/ST=henan/L=zhengzhou/O=linuxpanda/OU=opt/CN=n-ca.linuxpanda.tech"
2022/01/19 15:03:55 [debug] 46632#46632: *20 SSL_do_handshake: -1
2022/01/19 15:03:55 [debug] 46632#46632: *20 SSL_get_error: 2
2022/01/19 15:03:55 [debug] 46632#46632: *20 SSL handshake handler: 1
2022/01/19 15:03:55 [debug] 46632#46632: *20 SSL_do_handshake: -1
2022/01/19 15:03:55 [debug] 46632#46632: *20 SSL_get_error: 2
2022/01/19 15:03:55 [debug] 46632#46632: *20 SSL handshake handler: 0
2022/01/19 15:03:55 [debug] 46632#46632: *20 save session: 0000000001C36CF0
2022/01/19 15:03:55 [debug] 46632#46632: *20 SSL_do_handshake: 1
2022/01/19 15:03:55 [debug] 46632#46632: *20 SSL: TLSv1.2, cipher: "ECDHE-RSA-AES256-GCM-SHA384 TLSv1.2 Kx=ECDH Au=RSA Enc=AESGCM(256) Mac=AEAD"
2022/01/19 15:03:55 [debug] 46632#46632: *20 http upstream ssl handshake: "/?"
2022/01/19 15:03:55 [debug] 46632#46632: *20 X509_check_host(): match
2022/01/19 15:03:55 [debug] 46632#46632: *20 http upstream send request
2022/01/19 15:03:55 [debug] 46632#46632: *20 http upstream send request body
2022/01/19 15:03:55 [debug] 46632#46632: *20 chain writer buf fl:1 s:105
2022/01/19 15:03:55 [debug] 46632#46632: *20 malloc: 0000000001B35710:16
2022/01/19 15:03:55 [debug] 46632#46632: *20 malloc: 0000000001CDD230:16
2022/01/19 15:03:55 [debug] 46632#46632: *20 chain writer in: 0000000001B35710
2022/01/19 15:03:55 [debug] 46632#46632: *20 malloc: 0000000001CD4D30:80
2022/01/19 15:03:55 [debug] 46632#46632: *20 malloc: 0000000001C3DE00:16
2022/01/19 15:03:55 [debug] 46632#46632: *20 malloc: 0000000001C152D0:16384
2022/01/19 15:03:55 [debug] 46632#46632: *20 malloc: 0000000001C2A640:16
2022/01/19 15:03:55 [debug] 46632#46632: *20 SSL buf copy: 105
2022/01/19 15:03:55 [debug] 46632#46632: *20 SSL to write: 105
2022/01/19 15:03:55 [debug] 46632#46632: *20 SSL_write: 105
2022/01/19 15:03:55 [debug] 46632#46632: *20 chain writer out: 0000000000000000
2022/01/19 15:03:55 [debug] 46632#46632: *20 event timer del: 5: 10094575278
2022/01/19 15:03:55 [debug] 46632#46632: *20 event timer add: 5: 60000:10094575284
2022/01/19 15:03:55 [debug] 46632#46632: *20 http upstream process header
2022/01/19 15:03:55 [debug] 46632#46632: *20 malloc: 0000000001C6F870:4096
2022/01/19 15:03:55 [debug] 46632#46632: *20 malloc: 0000000001C80700:16
2022/01/19 15:03:55 [debug] 46632#46632: *20 malloc: 0000000001B85E20:384
2022/01/19 15:03:55 [debug] 46632#46632: *20 malloc: 0000000001CD4D90:16
2022/01/19 15:03:55 [debug] 46632#46632: *20 malloc: 0000000001C477B0:96
2022/01/19 15:03:55 [debug] 46632#46632: *20 malloc: 0000000001C708A0:16
2022/01/19 15:03:55 [debug] 46632#46632: *20 SSL_read: -1
2022/01/19 15:03:55 [debug] 46632#46632: *20 SSL_get_error: 2
2022/01/19 15:03:55 [debug] 46632#46632: *20 http upstream request: "/?"
2022/01/19 15:03:55 [debug] 46632#46632: *20 http upstream dummy handler
2022/01/19 15:03:55 [debug] 46632#46632: *20 http upstream request: "/?"
2022/01/19 15:03:55 [debug] 46632#46632: *20 http upstream process header
2022/01/19 15:03:55 [debug] 46632#46632: *20 SSL_read: 204
2022/01/19 15:03:55 [debug] 46632#46632: *20 SSL_read: -1
2022/01/19 15:03:55 [debug] 46632#46632: *20 SSL_get_error: 2
2022/01/19 15:03:55 [debug] 46632#46632: *20 malloc: 0000000001B2D1E0:6
2022/01/19 15:03:55 [debug] 46632#46632: *20 malloc: 0000000001C86C70:16
2022/01/19 15:03:55 [debug] 46632#46632: *20 http proxy status 200 "200 OK"
2022/01/19 15:03:55 [debug] 46632#46632: *20 malloc: 0000000001C66C60:26
2022/01/19 15:03:55 [debug] 46632#46632: *20 malloc: 0000000001C3EB20:16
2022/01/19 15:03:55 [debug] 46632#46632: *20 http proxy header: "Server: nginx/1.20.2"
2022/01/19 15:03:55 [debug] 46632#46632: *20 malloc: 0000000001C3DD40:39
2022/01/19 15:03:55 [debug] 46632#46632: *20 malloc: 0000000001C2A970:16
2022/01/19 15:03:55 [debug] 46632#46632: *20 http proxy header: "Date: Wed, 19 Jan 2022 07:03:55 GMT"
2022/01/19 15:03:55 [debug] 46632#46632: *20 malloc: 0000000001B9E130:50
2022/01/19 15:03:55 [debug] 46632#46632: *20 malloc: 0000000001C04730:16
2022/01/19 15:03:55 [debug] 46632#46632: *20 http proxy header: "Content-Type: application/octet-stream"
2022/01/19 15:03:55 [debug] 46632#46632: *20 malloc: 0000000001B31780:32
2022/01/19 15:03:55 [debug] 46632#46632: *20 malloc: 0000000001BE4C30:16
2022/01/19 15:03:55 [debug] 46632#46632: *20 http proxy header: "Content-Length: 47"
2022/01/19 15:03:55 [debug] 46632#46632: *20 malloc: 0000000001CB8A50:27
2022/01/19 15:03:55 [debug] 46632#46632: *20 malloc: 0000000001BE4C50:16
2022/01/19 15:03:55 [debug] 46632#46632: *20 http proxy header: "Connection: close"
2022/01/19 15:03:55 [debug] 46632#46632: *20 http proxy header done
2022/01/19 15:03:55 [debug] 46632#46632: *20 xslt filter header
2022/01/19 15:03:55 [debug] 46632#46632: *20 malloc: 0000000001C51C50:80
2022/01/19 15:03:55 [debug] 46632#46632: *20 malloc: 0000000001BA2990:16
2022/01/19 15:03:55 [debug] 46632#46632: *20 malloc: 0000000001CB8BB0:196
2022/01/19 15:03:55 [debug] 46632#46632: *20 malloc: 0000000001BA29B0:16
# 上游的响应结果
2022/01/19 15:03:55 [debug] 46632#46632: *20 HTTP/1.1 200 OK
Server: openresty/1.19.9.1 (no pool)
Date: Wed, 19 Jan 2022 07:03:55 GMT
Content-Type: application/octet-stream
Content-Length: 47
Connection: keep-alive

2022/01/19 15:03:55 [debug] 46632#46632: *20 write new buf t:1 f:0 0000000001CB8BB0, pos 0000000001CB8BB0, size: 178 file: 0, size: 0
2022/01/19 15:03:55 [debug] 46632#46632: *20 http write filter: l:0 f:0 s:178
2022/01/19 15:03:55 [debug] 46632#46632: *20 http cacheable: 0
2022/01/19 15:03:55 [debug] 46632#46632: *20 malloc: 0000000001C83470:280
2022/01/19 15:03:55 [debug] 46632#46632: *20 malloc: 0000000001B5E900:16
2022/01/19 15:03:55 [debug] 46632#46632: *20 malloc: 0000000001B5E920:16
2022/01/19 15:03:55 [debug] 46632#46632: *20 malloc: 0000000001B6A2C0:16
# filter
2022/01/19 15:03:55 [debug] 46632#46632: *20 http proxy filter init s:200 h:0 c:0 l:47
2022/01/19 15:03:55 [debug] 46632#46632: *20 http upstream process upstream
2022/01/19 15:03:55 [debug] 46632#46632: *20 pipe read upstream: 0
2022/01/19 15:03:55 [debug] 46632#46632: *20 pipe preread: 47
2022/01/19 15:03:55 [debug] 46632#46632: *20 pipe buf free s:0 t:1 f:0 0000000001C6F870, pos 0000000001C6F90D, size: 47 file: 0, size: 0
2022/01/19 15:03:55 [debug] 46632#46632: *20 pipe length: 47
2022/01/19 15:03:55 [debug] 46632#46632: *20 malloc: 0000000001B6A2E0:16
2022/01/19 15:03:55 [debug] 46632#46632: *20 malloc: 0000000001BCDB60:16
2022/01/19 15:03:55 [debug] 46632#46632: *20 malloc: 0000000001C47870:80
2022/01/19 15:03:55 [debug] 46632#46632: *20 malloc: 0000000001BCDB80:16
2022/01/19 15:03:55 [debug] 46632#46632: *20 input buf #0
2022/01/19 15:03:55 [debug] 46632#46632: *20 pipe write downstream: 1
2022/01/19 15:03:55 [debug] 46632#46632: *20 pipe write downstream flush in
2022/01/19 15:03:55 [debug] 46632#46632: *20 http output filter "/?"
2022/01/19 15:03:55 [debug] 46632#46632: *20 http copy filter: "/?"
2022/01/19 15:03:55 [debug] 46632#46632: *20 malloc: 0000000001C3EFC0:136
2022/01/19 15:03:55 [debug] 46632#46632: *20 malloc: 0000000001C478D0:16
2022/01/19 15:03:55 [debug] 46632#46632: *20 image filter
2022/01/19 15:03:55 [debug] 46632#46632: *20 xslt filter body
2022/01/19 15:03:55 [debug] 46632#46632: *20 http postpone filter "/?" 0000000001B6A2E0
2022/01/19 15:03:55 [debug] 46632#46632: *20 write old buf t:1 f:0 0000000001CB8BB0, pos 0000000001CB8BB0, size: 178 file: 0, size: 0
2022/01/19 15:03:55 [debug] 46632#46632: *20 write new buf t:1 f:0 0000000001C6F870, pos 0000000001C6F90D, size: 47 file: 0, size: 0
2022/01/19 15:03:55 [debug] 46632#46632: *20 http write filter: l:0 f:0 s:225
2022/01/19 15:03:55 [debug] 46632#46632: *20 http copy filter: 0 "/?"
2022/01/19 15:03:55 [debug] 46632#46632: *20 pipe write downstream done
2022/01/19 15:03:55 [debug] 46632#46632: *20 event timer: 5, old: 10094575284, new: 10094575284
2022/01/19 15:03:55 [debug] 46632#46632: *20 http upstream exit: 0000000000000000
2022/01/19 15:03:55 [debug] 46632#46632: *20 finalize http upstream request: 0
2022/01/19 15:03:55 [debug] 46632#46632: *20 finalize http proxy request
2022/01/19 15:03:55 [debug] 46632#46632: *20 free rr peer 1 0
2022/01/19 15:03:55 [debug] 46632#46632: *20 SSL_shutdown: 1
2022/01/19 15:03:55 [debug] 46632#46632: *20 close http upstream connection: 5
2022/01/19 15:03:55 [debug] 46632#46632: *20 free: 0000000001C2A640, unused: 0
2022/01/19 15:03:55 [debug] 46632#46632: *20 free: 0000000001C3DE00, unused: 0
2022/01/19 15:03:55 [debug] 46632#46632: *20 free: 0000000001BB0EF0, unused: 0
2022/01/19 15:03:55 [debug] 46632#46632: *20 event timer del: 5: 10094575284
2022/01/19 15:03:55 [debug] 46632#46632: *20 reusable connection: 0
2022/01/19 15:03:55 [debug] 46632#46632: *20 http upstream temp fd: -1
2022/01/19 15:03:55 [debug] 46632#46632: *20 malloc: 0000000001CD4D30:80
2022/01/19 15:03:55 [debug] 46632#46632: *20 malloc: 0000000001BB0EF0:16
2022/01/19 15:03:55 [debug] 46632#46632: *20 http output filter "/?"
2022/01/19 15:03:55 [debug] 46632#46632: *20 http copy filter: "/?"
2022/01/19 15:03:55 [debug] 46632#46632: *20 image filter
2022/01/19 15:03:55 [debug] 46632#46632: *20 xslt filter body
2022/01/19 15:03:55 [debug] 46632#46632: *20 http postpone filter "/?" 00007FFF07F3B090
2022/01/19 15:03:55 [debug] 46632#46632: *20 write old buf t:1 f:0 0000000001CB8BB0, pos 0000000001CB8BB0, size: 178 file: 0, size: 0
2022/01/19 15:03:55 [debug] 46632#46632: *20 write old buf t:1 f:0 0000000001C6F870, pos 0000000001C6F90D, size: 47 file: 0, size: 0
2022/01/19 15:03:55 [debug] 46632#46632: *20 malloc: 0000000001C3DE00:16
2022/01/19 15:03:55 [debug] 46632#46632: *20 malloc: 0000000001C2A640:16
2022/01/19 15:03:55 [debug] 46632#46632: *20 write new buf t:0 f:0 0000000000000000, pos 0000000000000000, size: 0 file: 0, size: 0
2022/01/19 15:03:55 [debug] 46632#46632: *20 http write filter: l:1 f:0 s:225
2022/01/19 15:03:55 [debug] 46632#46632: *20 http write filter limit 0
2022/01/19 15:03:55 [debug] 46632#46632: *20 writev: 225 of 225
2022/01/19 15:03:55 [debug] 46632#46632: *20 http write filter 0000000000000000
2022/01/19 15:03:55 [debug] 46632#46632: *20 http copy filter: 0 "/?"
2022/01/19 15:03:55 [debug] 46632#46632: *20 http finalize request: 0, "/?" a:1, c:1
2022/01/19 15:03:55 [debug] 46632#46632: *20 set http keepalive handler
2022/01/19 15:03:55 [debug] 46632#46632: *20 http close request
2022/01/19 15:03:55 [debug] 46632#46632: *20 http log handler
2022/01/19 15:03:55 [debug] 46632#46632: *20 malloc: 0000000001C7F320:28
2022/01/19 15:03:55 [debug] 46632#46632: *20 malloc: 0000000001C3DD70:16
2022/01/19 15:03:55 [debug] 46632#46632: *20 malloc: 0000000001C54BC0:26
2022/01/19 15:03:55 [debug] 46632#46632: *20 malloc: 0000000001C54B80:16
2022/01/19 15:03:55 [debug] 46632#46632: *20 malloc: 0000000001C70960:255
2022/01/19 15:03:55 [debug] 46632#46632: *20 malloc: 0000000001C54BA0:16
2022/01/19 15:03:55 [debug] 46632#46632: *20 free: 0000000001C54BA0, unused: 0
2022/01/19 15:03:55 [debug] 46632#46632: *20 free: 0000000001C54B80, unused: 0
2022/01/19 15:03:55 [debug] 46632#46632: *20 free: 0000000001C3DD70, unused: 0
2022/01/19 15:03:55 [debug] 46632#46632: *20 free: 0000000001C2A640, unused: 0
2022/01/19 15:03:55 [debug] 46632#46632: *20 free: 0000000001BB0EF0, unused: 0
2022/01/19 15:03:55 [debug] 46632#46632: *20 free: 0000000001C478D0, unused: 0
2022/01/19 15:03:55 [debug] 46632#46632: *20 free: 0000000001BCDB80, unused: 0
2022/01/19 15:03:55 [debug] 46632#46632: *20 free: 0000000001BCDB60, unused: 0
2022/01/19 15:03:55 [debug] 46632#46632: *20 free: 0000000001B6A2C0, unused: 0
2022/01/19 15:03:55 [debug] 46632#46632: *20 free: 0000000001B5E900, unused: 0
2022/01/19 15:03:55 [debug] 46632#46632: *20 free: 0000000001BA29B0, unused: 0
2022/01/19 15:03:55 [debug] 46632#46632: *20 free: 0000000001BA2990, unused: 0
2022/01/19 15:03:55 [debug] 46632#46632: *20 free: 0000000001BE4C50, unused: 0
2022/01/19 15:03:55 [debug] 46632#46632: *20 free: 0000000001BE4C30, unused: 0
2022/01/19 15:03:55 [debug] 46632#46632: *20 free: 0000000001C04730, unused: 0
2022/01/19 15:03:55 [debug] 46632#46632: *20 free: 0000000001C2A970, unused: 0
2022/01/19 15:03:55 [debug] 46632#46632: *20 free: 0000000001C3EB20, unused: 0
2022/01/19 15:03:55 [debug] 46632#46632: *20 free: 0000000001C86C70, unused: 0
2022/01/19 15:03:55 [debug] 46632#46632: *20 free: 0000000001C708A0, unused: 0
2022/01/19 15:03:55 [debug] 46632#46632: *20 free: 0000000001CD4D90, unused: 0
2022/01/19 15:03:55 [debug] 46632#46632: *20 free: 0000000001C80700, unused: 0
2022/01/19 15:03:55 [debug] 46632#46632: *20 free: 0000000001CDD230, unused: 0
2022/01/19 15:03:55 [debug] 46632#46632: *20 free: 0000000001B620F0, unused: 0
2022/01/19 15:03:55 [debug] 46632#46632: *20 free: 0000000001B8BE70, unused: 0
2022/01/19 15:03:55 [debug] 46632#46632: *20 free: 0000000001C07050, unused: 0
2022/01/19 15:03:55 [debug] 46632#46632: *20 free: 0000000001C047A0, unused: 0
2022/01/19 15:03:55 [debug] 46632#46632: *20 free: 0000000001C04980, unused: 0
2022/01/19 15:03:55 [debug] 46632#46632: *20 free: 0000000001C05F60, unused: 0
2022/01/19 15:03:55 [debug] 46632#46632: *20 free: 0000000001B8C0D0, unused: 0
2022/01/19 15:03:55 [debug] 46632#46632: *20 free: 0000000001C04A80, unused: 0
2022/01/19 15:03:55 [debug] 46632#46632: *20 free: 0000000001BEE440, unused: 0
2022/01/19 15:03:55 [debug] 46632#46632: *20 free: 0000000001C04B80, unused: 0
2022/01/19 15:03:55 [debug] 46632#46632: *20 free: 0000000001BB4070, unused: 0
2022/01/19 15:03:55 [debug] 46632#46632: *20 free: 0000000001BB3620, unused: 0
2022/01/19 15:03:55 [debug] 46632#46632: *20 free: 0000000001B2F3F0, unused: 0
2022/01/19 15:03:55 [debug] 46632#46632: *20 free: 0000000001B91880, unused: 0
2022/01/19 15:03:55 [debug] 46632#46632: *20 free: 0000000001B4AAF0, unused: 0
2022/01/19 15:03:55 [debug] 46632#46632: *20 free: 0000000001B9A380, unused: 0
2022/01/19 15:03:55 [debug] 46632#46632: *20 free: 0000000001BAF720, unused: 0
2022/01/19 15:03:55 [debug] 46632#46632: *20 free: 0000000001BAFC20, unused: 0
2022/01/19 15:03:55 [debug] 46632#46632: *20 free: 0000000001BB0FA0, unused: 0
2022/01/19 15:03:55 [debug] 46632#46632: *20 free: 0000000001B9F340, unused: 0
2022/01/19 15:03:55 [debug] 46632#46632: *20 free: 0000000001C86610
2022/01/19 15:03:55 [debug] 46632#46632: *20 hc free: 0000000000000000
2022/01/19 15:03:55 [debug] 46632#46632: *20 hc busy: 0000000000000000 0
2022/01/19 15:03:55 [debug] 46632#46632: *20 tcp_nodelay
2022/01/19 15:03:55 [debug] 46632#46632: *20 reusable connection: 1
2022/01/19 15:03:55 [debug] 46632#46632: *20 event timer add: 3: 65000:10094580284
2022/01/19 15:03:55 [debug] 46632#46632: *20 http keepalive handler
2022/01/19 15:03:55 [debug] 46632#46632: *20 malloc: 0000000001C86610:1024
2022/01/19 15:03:55 [debug] 46632#46632: *20 malloc: 0000000001BAE800:16
2022/01/19 15:03:55 [debug] 46632#46632: *20 recv: eof:1, avail:-1
2022/01/19 15:03:55 [debug] 46632#46632: *20 recv: fd:3 0 of 1024
2022/01/19 15:03:55 [info] 46632#46632: *20 client 10.157.89.215 closed keepalive connection
2022/01/19 15:03:55 [debug] 46632#46632: *20 close http connection: 3
2022/01/19 15:03:55 [debug] 46632#46632: *20 event timer del: 3: 10094580284
2022/01/19 15:03:55 [debug] 46632#46632: *20 reusable connection: 0
2022/01/19 15:03:55 [debug] 46632#46632: *20 free: 0000000001BAE800, unused: 0
2022/01/19 15:03:55 [debug] 46632#46632: *20 free: 0000000001BFA580, unused: 0
2022/01/19 15:03:55 [debug] 46632#46632: *20 free: 0000000001BFA720, unused: 0
2022/01/19 15:03:55 [debug] 46632#46632: *20 free: 0000000001BFBC10, unused: 0
2022/01/19 15:03:55 [debug] 46632#46632: *20 free: 0000000001BFBD10, unused: 0
2022/01/19 15:03:55 [debug] 46632#46632: *20 free: 0000000001BFBE10, unused: 0
2022/01/19 15:03:55 [debug] 46632#46632: *20 free: 0000000001B5E280, unused: 0
